<?xml version="1.0" encoding="UTF-8"?>
<testsuite xmlns:xsi="http://www.w3.org/2001/XMLSchema-instance" xsi:noNamespaceSchemaLocation="https://maven.apache.org/surefire/maven-surefire-plugin/xsd/surefire-test-report.xsd" name="Models.CountryTest" time="0.001" tests="7" errors="0" skipped="0" failures="0">
  <properties>
[...]
</properties>
  <testcase name="testEmptyStringForName" classname="Models.CountryTest" time="0"/>
  <testcase name="testParameterizedConstructor" classname="Models.CountryTest" time="0"/>
  <testcase name="testSettersAndGetters" classname="Models.CountryTest" time="0"/>
  <testcase name="testNeighbouringCountries" classname="Models.CountryTest" time="0"/>
  <testcase name="testNegativeValues" classname="Models.CountryTest" time="0.001"/>
  <testcase name="testToStringMethod" classname="Models.CountryTest" time="0"/>
  <testcase name="testDefaultConstructor" classname="Models.CountryTest" time="0"/>
</testsuite>